<?xml version="1.0" encoding="UTF-8"?>
<!-- Generated by org.testng.reporters.JUnitReportReporter -->
<testsuite skipped="0" hostname="DESKTOP-V5E19BN" name="org.com.ClassC" tests="2" failures="0" timestamp="07 Jul 2022 16:11:02 GMT" time="22.381" errors="0">
  <testcase name="test" time="20.841" classname="org.com.ClassC"/>
  <testcase name="test1" time="1.540" classname="org.com.ClassC"/>
</testsuite> <!-- org.com.ClassC -->
