<?xml version="1.0" encoding="UTF-8"?>
<!-- Generated by org.testng.reporters.JUnitReportReporter -->
<testsuite skipped="0" hostname="DESKTOP-V5E19BN" name="org.com.ClassB" tests="1" failures="0" timestamp="02 Jul 2022 17:21:10 GMT" time="15.775" errors="0">
  <testcase name="test" time="15.775" classname="org.com.ClassB"/>
</testsuite> <!-- org.com.ClassB -->
