<?xml version="1.0" encoding="UTF-8"?>
<!-- Generated by org.testng.reporters.JUnitReportReporter -->
<testsuite skipped="0" hostname="DESKTOP-V5E19BN" name="org.com.ClassA" tests="1" failures="0" timestamp="02 Jul 2022 17:10:11 GMT" time="27.344" errors="0">
  <testcase name="test" time="27.344" classname="org.com.ClassA"/>
</testsuite> <!-- org.com.ClassA -->
